
#############################################################
#############################################################
Running Testcase 1.sc
#############################################################
#############################################################

Running the following input on your program:
=============================================================
#include "scio.h"
int main() {
  int x;
  int y;
  int z;
  x = 1;
  y = 3;
  z = 11;
  
  while (x < 5 && z != 1) {
    if (y < 5) {
       writeInt(y);
       newLine();
       y = y + 1;
    }
    else {
       writeInt(-5);
       newLine();
    }
    writeInt(x);
    newLine();
    x = x + 1;
  }

  return 0;
}
-------------------------------------------------------------

Your program produced the following output:
=============================================================
3 
1 
4 
2 
-5 
3 
-5 
4 


-------------------------------------------------------------

<<<<<<<<< Comparing output to solution >>>>>>>>>>>>

############### Testcase 1.sc Results ##########################
Functionality: PASS - Output matches solution

#############################################################
#############################################################
Running Testcase 2.sc
#############################################################
#############################################################

Running the following input on your program:
=============================================================
#include "scio.h"

int main() {
   int a[3];
   int b;

   b = 8;
   a[0] = 5;
   a[1] = 3;
   a[2] = 4;

   b = a[0];
   a[1] = a[2];

   writeInt(b);
   newLine();
   writeInt(a[0]);
   newLine();
   writeInt(a[1]);
   newLine();
   writeInt(a[2]);
   newLine();

   return 0;
}
-------------------------------------------------------------

Your program produced the following output:
=============================================================
5 
5 
4 
4 


-------------------------------------------------------------

<<<<<<<<< Comparing output to solution >>>>>>>>>>>>

############### Testcase 2.sc Results ##########################
Functionality: PASS - Output matches solution

#############################################################
#############################################################
Running Testcase 3.sc
#############################################################
#############################################################

Running the following input on your program:
=============================================================
#include "scio.h"
int main() {

   bool t;
   bool t2;
   bool t3;
   int x;
   int y;
   int z;

   y = 5;

   t = false;
   t2 = false;
   t3 = true;
   if ((t2 && t3) || t2 || t) writeInt(y);
   else writeInt(0);
   newLine();
  
   return 0;
}
-------------------------------------------------------------

Your program produced the following output:
=============================================================
0 


-------------------------------------------------------------

<<<<<<<<< Comparing output to solution >>>>>>>>>>>>

############### Testcase 3.sc Results ##########################
Functionality: PASS - Output matches solution

#############################################################
#############################################################
Running Testcase 4.sc
#############################################################
#############################################################

Running the following input on your program:
=============================================================
#include "scio.h"

int q;

int main() {
   q = 13;
   writeInt(q);
   newLine();
   return q;
}
-------------------------------------------------------------

Your program produced the following output:
=============================================================
sh: line 1: /tmp/sNVZo38UJE/4.exe: No such file or directory


-------------------------------------------------------------

<<<<<<<<< Comparing output to solution >>>>>>>>>>>>


Output did not match the solution
The following output would have been accepted:


Solution output:
=============================================================
13 

-------------------------------------------------------------
Running diff on program output and solution output
( < actual output vs > expected output )
=============================================================
1c1
< sh: line 1: /tmp/sNVZo38UJE/4.exe: No such file or directory
---
> 13 
-------------------------------------------------------------

############### Testcase 4.sc Results ##########################
Functionality: FAIL - Output did not match solution


#############################################################
################# Summary for 4 test(s) #####################
#############################################################

Functionality: FAIL: 1 test(s) failed!

#############################################################
#############################################################
#############################################################

