
#############################################################
#############################################################
Running Testcase 1
#############################################################
#############################################################

Running the following input on your program:
=============================================================
#include "scio.h"
int x;
int x; // re-definition

int fcn1();
int fcn1(int x); // mismatched 

int main() {
   bool w;
   bool w; // re-definition

   int a[10];
   int a; // re-definition

   return 0; 
}

/tmp/DoQ_UqraRb/A3Sema.cheny811 ./1 >& /tmp/DoQ_UqraRb/cheny811.out1;touch /tmp/DoQ_UqraRb/cheny811.err1
-------------------------------------------------------------

Your program produced the following output:
=============================================================
sema: 3:0 : redefinition of x
sema: 6:0 : definition inconsistent with earlier definition of fcn1
sema: 10:3 : redefinition of w
sema: 13:3 : redefinition of a


-------------------------------------------------------------

<<<<<<<<< Comparing output to solution >>>>>>>>>>>>

############### Testcase 1 Results ##########################
Functionality: PASS - Output matches solution

#############################################################
#############################################################
Running Testcase 2
#############################################################
#############################################################

Running the following input on your program:
=============================================================
#include "scio.h"
int main() {
   int y;

   x = 3; // Undefined variable
   w = c; // Undefined variable

   fcn2(); // Undefined function

   writeInt(y);

   return 0; 
}

/tmp/DoQ_UqraRb/A3Sema.cheny811 ./2 >& /tmp/DoQ_UqraRb/cheny811.out2;touch /tmp/DoQ_UqraRb/cheny811.err2
-------------------------------------------------------------

Your program produced the following output:
=============================================================
sema: 5:3 : use of undefined identifier x
sema: 5:3 : type mismatch 
sema: 6:3 : use of undefined identifier w
sema: 6:7 : use of undefined identifier c
sema: 6:3 : type mismatch 
sema: 8:3 : use of undefined identifier fcn2


-------------------------------------------------------------

<<<<<<<<< Comparing output to solution >>>>>>>>>>>>

############### Testcase 2 Results ##########################
Functionality: PASS - Output matches solution

#############################################################
#############################################################
Running Testcase 3
#############################################################
#############################################################

Running the following input on your program:
=============================================================
#include "scio.h"

int main() {
   int b[-10]; // Invalid array decl
   int x;
   int k;

   k = b; // Invalid use of b
   x = k[4]; // Invalid use of k

   return 0; 
}

/tmp/DoQ_UqraRb/A3Sema.cheny811 ./3 >& /tmp/DoQ_UqraRb/cheny811.out3;touch /tmp/DoQ_UqraRb/cheny811.err3
-------------------------------------------------------------

Your program produced the following output:
=============================================================
sema: 4:3 : size cannot be negative for array b
sema: 8:7 : use of undefined identifier b
sema: 8:3 : type mismatch 
sema: 9:7 : invalid use of identifier k
sema: 9:3 : type mismatch 


-------------------------------------------------------------

<<<<<<<<< Comparing output to solution >>>>>>>>>>>>

############### Testcase 3 Results ##########################
Functionality: PASS - Output matches solution

#############################################################
#############################################################
Running Testcase 4
#############################################################
#############################################################

Running the following input on your program:
=============================================================
#include "scio.h"

int main() {

   int x;
   bool t;

   // Operand mismatch
   x + t;
   t < x;
   t == true;
   t = false;
   t = 5;

   return 0; 
}

/tmp/DoQ_UqraRb/A3Sema.cheny811 ./4 >& /tmp/DoQ_UqraRb/cheny811.out4;touch /tmp/DoQ_UqraRb/cheny811.err4
-------------------------------------------------------------

Your program produced the following output:
=============================================================
sema: 9:3 : type mismatch 
sema: 10:3 : type mismatch 
sema: 13:3 : type mismatch 


-------------------------------------------------------------

<<<<<<<<< Comparing output to solution >>>>>>>>>>>>

############### Testcase 4 Results ##########################
Functionality: PASS - Output matches solution

#############################################################
#############################################################
Running Testcase 5
#############################################################
#############################################################

Running the following input on your program:
=============================================================
#include "scio.h"
int x;

int main() {
   int y;
   int z;

   if (x) return -1; // If condition
   if (y < z) y = 0;
   
   // while conditions
   while (x) {}
   while (true) {}
   while (1) {}
   while (y!=z) {}

   return 0; // return mismatch
}

/tmp/DoQ_UqraRb/A3Sema.cheny811 ./5 >& /tmp/DoQ_UqraRb/cheny811.out5;touch /tmp/DoQ_UqraRb/cheny811.err5
-------------------------------------------------------------

Your program produced the following output:
=============================================================
sema: 8:3 : invalid condition in if statement
sema: 12:3 : invalid condition in while statement
sema: 14:3 : invalid condition in while statement


-------------------------------------------------------------

<<<<<<<<< Comparing output to solution >>>>>>>>>>>>

############### Testcase 5 Results ##########################
Functionality: PASS - Output matches solution


#############################################################
################# Summary for 5 test(s) #####################
#############################################################

Functionality: PASS: All tests passed

#############################################################
#############################################################
#############################################################

